<?xml version="1.0" encoding="UTF-8"?>
<!-- Generated by org.testng.reporters.JUnitReportReporter -->
<testsuite hostname="lokesh-Latitude-5400" name="runner.TestRunner" tests="2" failures="0" timestamp="14 Apr 2021 03:19:12 GMT" time="74.687" errors="0">
  <testcase name="scenario" time="3.964" classname="runner.TestRunner"/>
  <testcase name="scenario" time="70.723" classname="runner.TestRunner"/>
</testsuite> <!-- runner.TestRunner -->
