<?xml version="1.0" encoding="UTF-8"?>
<testsuite xmlns:xsi="http://www.w3.org/2001/XMLSchema-instance" xsi:noNamespaceSchemaLocation="https://maven.apache.org/surefire/maven-surefire-plugin/xsd/surefire-test-report.xsd" name="TestSuite" time="17.775" tests="2" errors="0" skipped="0" failures="1">
  <properties>
    <property name="sun.desktop" value="gnome"/>
    <property name="awt.toolkit" value="sun.awt.X11.XToolkit"/>
    <property name="file.encoding.pkg" value="sun.io"/>
    <property name="java.specification.version" value="1.8"/>
    <property name="sun.cpu.isalist" value=""/>
    <property name="sun.jnu.encoding" value="UTF-8"/>
    <property name="java.class.path" value="/home/lokesh/.m2/New1/org/apache/maven/surefire/surefire-booter/2.22.1/surefire-booter-2.22.1.jar:/home/lokesh/.m2/New1/org/apache/maven/surefire/surefire-api/2.22.1/surefire-api-2.22.1.jar:/home/lokesh/.m2/New1/org/apache/maven/surefire/surefire-logger-api/2.22.1/surefire-logger-api-2.22.1.jar:/home/lokesh/Videos/Lokesh_Kumar_AssignmentBottomLine/target/test-classes:/home/lokesh/Videos/Lokesh_Kumar_AssignmentBottomLine/target/classes:/home/lokesh/.m2/New1/org/seleniumhq/selenium/selenium-java/3.141.59/selenium-java-3.141.59.jar:/home/lokesh/.m2/New1/org/seleniumhq/selenium/selenium-api/3.141.59/selenium-api-3.141.59.jar:/home/lokesh/.m2/New1/org/seleniumhq/selenium/selenium-chrome-driver/3.141.59/selenium-chrome-driver-3.141.59.jar:/home/lokesh/.m2/New1/org/seleniumhq/selenium/selenium-edge-driver/3.141.59/selenium-edge-driver-3.141.59.jar:/home/lokesh/.m2/New1/org/seleniumhq/selenium/selenium-firefox-driver/3.141.59/selenium-firefox-driver-3.141.59.jar:/home/lokesh/.m2/New1/org/seleniumhq/selenium/selenium-ie-driver/3.141.59/selenium-ie-driver-3.141.59.jar:/home/lokesh/.m2/New1/org/seleniumhq/selenium/selenium-opera-driver/3.141.59/selenium-opera-driver-3.141.59.jar:/home/lokesh/.m2/New1/org/seleniumhq/selenium/selenium-remote-driver/3.141.59/selenium-remote-driver-3.141.59.jar:/home/lokesh/.m2/New1/org/seleniumhq/selenium/selenium-safari-driver/3.141.59/selenium-safari-driver-3.141.59.jar:/home/lokesh/.m2/New1/org/seleniumhq/selenium/selenium-support/3.141.59/selenium-support-3.141.59.jar:/home/lokesh/.m2/New1/net/bytebuddy/byte-buddy/1.8.15/byte-buddy-1.8.15.jar:/home/lokesh/.m2/New1/org/apache/commons/commons-exec/1.3/commons-exec-1.3.jar:/home/lokesh/.m2/New1/com/google/guava/guava/25.0-jre/guava-25.0-jre.jar:/home/lokesh/.m2/New1/com/google/code/findbugs/jsr305/1.3.9/jsr305-1.3.9.jar:/home/lokesh/.m2/New1/org/checkerframework/checker-compat-qual/2.0.0/checker-compat-qual-2.0.0.jar:/home/lokesh/.m2/New1/com/google/errorprone/error_prone_annotations/2.1.3/error_prone_annotations-2.1.3.jar:/home/lokesh/.m2/New1/com/google/j2objc/j2objc-annotations/1.1/j2objc-annotations-1.1.jar:/home/lokesh/.m2/New1/org/codehaus/mojo/animal-sniffer-annotations/1.14/animal-sniffer-annotations-1.14.jar:/home/lokesh/.m2/New1/com/squareup/okhttp3/okhttp/3.11.0/okhttp-3.11.0.jar:/home/lokesh/.m2/New1/com/squareup/okio/okio/1.14.0/okio-1.14.0.jar:/home/lokesh/.m2/New1/org/testng/testng/6.8/testng-6.8.jar:/home/lokesh/.m2/New1/junit/junit/4.10/junit-4.10.jar:/home/lokesh/.m2/New1/org/beanshell/bsh/2.0b4/bsh-2.0b4.jar:/home/lokesh/.m2/New1/com/beust/jcommander/1.27/jcommander-1.27.jar:/home/lokesh/.m2/New1/org/yaml/snakeyaml/1.6/snakeyaml-1.6.jar:/home/lokesh/.m2/New1/io/cucumber/cucumber-java/4.3.0/cucumber-java-4.3.0.jar:/home/lokesh/.m2/New1/io/cucumber/cucumber-core/4.3.0/cucumber-core-4.3.0.jar:/home/lokesh/.m2/New1/io/cucumber/cucumber-html/0.2.7/cucumber-html-0.2.7.jar:/home/lokesh/.m2/New1/io/cucumber/gherkin/5.1.0/gherkin-5.1.0.jar:/home/lokesh/.m2/New1/io/cucumber/tag-expressions/1.1.1/tag-expressions-1.1.1.jar:/home/lokesh/.m2/New1/io/cucumber/cucumber-expressions/6.2.2/cucumber-expressions-6.2.2.jar:/home/lokesh/.m2/New1/io/cucumber/datatable/1.1.12/datatable-1.1.12.jar:/home/lokesh/.m2/New1/io/cucumber/datatable-dependencies/1.1.12/datatable-dependencies-1.1.12.jar:/home/lokesh/.m2/New1/io/cucumber/cucumber-testng/4.3.0/cucumber-testng-4.3.0.jar:/home/lokesh/.m2/New1/commons-io/commons-io/2.6/commons-io-2.6.jar:/home/lokesh/.m2/New1/log4j/log4j/1.2.17/log4j-1.2.17.jar:/home/lokesh/.m2/New1/io/rest-assured/rest-assured/4.2.0/rest-assured-4.2.0.jar:/home/lokesh/.m2/New1/org/codehaus/groovy/groovy/2.5.8/groovy-2.5.8.jar:/home/lokesh/.m2/New1/org/codehaus/groovy/groovy-xml/2.5.8/groovy-xml-2.5.8.jar:/home/lokesh/.m2/New1/org/apache/httpcomponents/httpclient/4.5.3/httpclient-4.5.3.jar:/home/lokesh/.m2/New1/commons-logging/commons-logging/1.2/commons-logging-1.2.jar:/home/lokesh/.m2/New1/commons-codec/commons-codec/1.9/commons-codec-1.9.jar:/home/lokesh/.m2/New1/org/apache/httpcomponents/httpmime/4.5.3/httpmime-4.5.3.jar:/home/lokesh/.m2/New1/org/hamcrest/hamcrest/2.1/hamcrest-2.1.jar:/home/lokesh/.m2/New1/org/ccil/cowan/tagsoup/tagsoup/1.2.1/tagsoup-1.2.1.jar:/home/lokesh/.m2/New1/io/rest-assured/xml-path/4.2.0/xml-path-4.2.0.jar:/home/lokesh/.m2/New1/jakarta/xml/bind/jakarta.xml.bind-api/2.3.2/jakarta.xml.bind-api-2.3.2.jar:/home/lokesh/.m2/New1/jakarta/activation/jakarta.activation-api/1.2.1/jakarta.activation-api-1.2.1.jar:/home/lokesh/.m2/New1/com/sun/xml/bind/jaxb-osgi/2.3.0.1/jaxb-osgi-2.3.0.1.jar:/home/lokesh/.m2/New1/org/apache/sling/org.apache.sling.javax.activation/0.1.0/org.apache.sling.javax.activation-0.1.0.jar:/home/lokesh/.m2/New1/javax/activation/activation/1.1.1/activation-1.1.1.jar:/home/lokesh/.m2/New1/io/rest-assured/json-path/4.2.0/json-path-4.2.0.jar:/home/lokesh/.m2/New1/org/codehaus/groovy/groovy-json/2.5.8/groovy-json-2.5.8.jar:/home/lokesh/.m2/New1/io/rest-assured/json-schema-validator/4.2.0/json-schema-validator-4.2.0.jar:/home/lokesh/.m2/New1/com/github/java-json-tools/json-schema-validator/2.2.10/json-schema-validator-2.2.10.jar:/home/lokesh/.m2/New1/com/github/java-json-tools/json-schema-core/1.2.10/json-schema-core-1.2.10.jar:/home/lokesh/.m2/New1/com/github/java-json-tools/jackson-coreutils/1.9/jackson-coreutils-1.9.jar:/home/lokesh/.m2/New1/com/fasterxml/jackson/core/jackson-databind/2.2.3/jackson-databind-2.2.3.jar:/home/lokesh/.m2/New1/com/fasterxml/jackson/core/jackson-annotations/2.2.3/jackson-annotations-2.2.3.jar:/home/lokesh/.m2/New1/com/github/fge/msg-simple/1.1/msg-simple-1.1.jar:/home/lokesh/.m2/New1/com/github/fge/btf/1.2/btf-1.2.jar:/home/lokesh/.m2/New1/com/github/fge/uri-template/0.9/uri-template-0.9.jar:/home/lokesh/.m2/New1/org/mozilla/rhino/1.7.7.1/rhino-1.7.7.1.jar:/home/lokesh/.m2/New1/javax/mail/mailapi/1.4.3/mailapi-1.4.3.jar:/home/lokesh/.m2/New1/joda-time/joda-time/2.9.7/joda-time-2.9.7.jar:/home/lokesh/.m2/New1/com/googlecode/libphonenumber/libphonenumber/8.0.0/libphonenumber-8.0.0.jar:/home/lokesh/.m2/New1/net/sf/jopt-simple/jopt-simple/5.0.3/jopt-simple-5.0.3.jar:/home/lokesh/.m2/New1/io/rest-assured/rest-assured-common/4.2.0/rest-assured-common-4.2.0.jar:/home/lokesh/.m2/New1/org/apache/commons/commons-lang3/3.4/commons-lang3-3.4.jar:/home/lokesh/.m2/New1/com/jayway/restassured/rest-assured/2.9.0/rest-assured-2.9.0.jar:/home/lokesh/.m2/New1/org/hamcrest/hamcrest-core/1.3/hamcrest-core-1.3.jar:/home/lokesh/.m2/New1/org/hamcrest/hamcrest-library/1.3/hamcrest-library-1.3.jar:/home/lokesh/.m2/New1/com/jayway/restassured/json-path/2.9.0/json-path-2.9.0.jar:/home/lokesh/.m2/New1/com/jayway/restassured/rest-assured-common/2.9.0/rest-assured-common-2.9.0.jar:/home/lokesh/.m2/New1/com/jayway/restassured/xml-path/2.9.0/xml-path-2.9.0.jar:/home/lokesh/.m2/New1/org/json/json/20210307/json-20210307.jar:/home/lokesh/.m2/New1/org/hamcrest/hamcrest-all/1.3/hamcrest-all-1.3.jar:/home/lokesh/.m2/New1/com/google/api-client/google-api-client/1.31.4/google-api-client-1.31.4.jar:/home/lokesh/.m2/New1/com/google/oauth-client/google-oauth-client/1.31.5/google-oauth-client-1.31.5.jar:/home/lokesh/.m2/New1/com/google/http-client/google-http-client-gson/1.39.2/google-http-client-gson-1.39.2.jar:/home/lokesh/.m2/New1/com/google/code/gson/gson/2.8.6/gson-2.8.6.jar:/home/lokesh/.m2/New1/com/google/http-client/google-http-client-apache-v2/1.39.2/google-http-client-apache-v2-1.39.2.jar:/home/lokesh/.m2/New1/org/apache/httpcomponents/httpcore/4.4.14/httpcore-4.4.14.jar:/home/lokesh/.m2/New1/com/google/http-client/google-http-client/1.39.2/google-http-client-1.39.2.jar:/home/lokesh/.m2/New1/io/opencensus/opencensus-api/0.28.0/opencensus-api-0.28.0.jar:/home/lokesh/.m2/New1/io/grpc/grpc-context/1.27.2/grpc-context-1.27.2.jar:/home/lokesh/.m2/New1/io/opencensus/opencensus-contrib-http-util/0.28.0/opencensus-contrib-http-util-0.28.0.jar:/home/lokesh/.m2/New1/com/google/oauth-client/google-oauth-client-jetty/1.31.5/google-oauth-client-jetty-1.31.5.jar:/home/lokesh/.m2/New1/com/google/oauth-client/google-oauth-client-java6/1.31.5/google-oauth-client-java6-1.31.5.jar:/home/lokesh/.m2/New1/com/google/apis/google-api-services-gmail/v1-rev110-1.25.0/google-api-services-gmail-v1-rev110-1.25.0.jar:/home/lokesh/.m2/New1/javax/mail/javax.mail-api/1.6.2/javax.mail-api-1.6.2.jar:/home/lokesh/.m2/New1/org/jsoup/jsoup/1.13.1/jsoup-1.13.1.jar:/home/lokesh/.m2/New1/com/google/api-client/google-api-client-jackson2/1.20.0/google-api-client-jackson2-1.20.0.jar:/home/lokesh/.m2/New1/com/google/http-client/google-http-client-jackson2/1.20.0/google-http-client-jackson2-1.20.0.jar:/home/lokesh/.m2/New1/com/fasterxml/jackson/core/jackson-core/2.1.3/jackson-core-2.1.3.jar:/home/lokesh/.m2/New1/com/google/api/client/google-api-client-util/1.2.3-alpha/google-api-client-util-1.2.3-alpha.jar:/home/lokesh/.m2/New1/com/jayway/jsonpath/json-path/2.5.0/json-path-2.5.0.jar:/home/lokesh/.m2/New1/net/minidev/json-smart/2.3/json-smart-2.3.jar:/home/lokesh/.m2/New1/net/minidev/accessors-smart/1.2/accessors-smart-1.2.jar:/home/lokesh/.m2/New1/org/ow2/asm/asm/5.0.4/asm-5.0.4.jar:/home/lokesh/.m2/New1/org/slf4j/slf4j-api/1.7.30/slf4j-api-1.7.30.jar:/home/lokesh/.m2/New1/org/apache/maven/surefire/surefire-testng/2.22.1/surefire-testng-2.22.1.jar:/home/lokesh/.m2/New1/org/apache/maven/surefire/common-java5/2.22.1/common-java5-2.22.1.jar:/home/lokesh/.m2/New1/org/apache/maven/surefire/surefire-testng-utils/2.22.1/surefire-testng-utils-2.22.1.jar:/home/lokesh/.m2/New1/org/apache/maven/surefire/surefire-grouper/2.22.1/surefire-grouper-2.22.1.jar"/>
    <property name="java.vm.vendor" value="Oracle Corporation"/>
    <property name="sun.arch.data.model" value="64"/>
    <property name="java.vendor.url" value="http://java.oracle.com/"/>
    <property name="user.timezone" value=""/>
    <property name="java.vm.specification.version" value="1.8"/>
    <property name="os.name" value="Linux"/>
    <property name="user.country" value="IN"/>
    <property name="sun.java.launcher" value="SUN_STANDARD"/>
    <property name="sun.boot.library.path" value="/usr/lib/jvm/jdk1.8.0_231/jre/lib/amd64"/>
    <property name="sun.java.command" value="org.apache.maven.surefire.booter.ForkedBooter /home/lokesh/Videos/Lokesh_Kumar_AssignmentBottomLine/target/surefire 2021-04-13T16-37-07_647-jvmRun1 surefire6952046272029650631tmp surefire_02001084897294072978tmp"/>
    <property name="surefire.test.class.path" value="/home/lokesh/Videos/Lokesh_Kumar_AssignmentBottomLine/target/test-classes:/home/lokesh/Videos/Lokesh_Kumar_AssignmentBottomLine/target/classes:/home/lokesh/.m2/New1/org/seleniumhq/selenium/selenium-java/3.141.59/selenium-java-3.141.59.jar:/home/lokesh/.m2/New1/org/seleniumhq/selenium/selenium-api/3.141.59/selenium-api-3.141.59.jar:/home/lokesh/.m2/New1/org/seleniumhq/selenium/selenium-chrome-driver/3.141.59/selenium-chrome-driver-3.141.59.jar:/home/lokesh/.m2/New1/org/seleniumhq/selenium/selenium-edge-driver/3.141.59/selenium-edge-driver-3.141.59.jar:/home/lokesh/.m2/New1/org/seleniumhq/selenium/selenium-firefox-driver/3.141.59/selenium-firefox-driver-3.141.59.jar:/home/lokesh/.m2/New1/org/seleniumhq/selenium/selenium-ie-driver/3.141.59/selenium-ie-driver-3.141.59.jar:/home/lokesh/.m2/New1/org/seleniumhq/selenium/selenium-opera-driver/3.141.59/selenium-opera-driver-3.141.59.jar:/home/lokesh/.m2/New1/org/seleniumhq/selenium/selenium-remote-driver/3.141.59/selenium-remote-driver-3.141.59.jar:/home/lokesh/.m2/New1/org/seleniumhq/selenium/selenium-safari-driver/3.141.59/selenium-safari-driver-3.141.59.jar:/home/lokesh/.m2/New1/org/seleniumhq/selenium/selenium-support/3.141.59/selenium-support-3.141.59.jar:/home/lokesh/.m2/New1/net/bytebuddy/byte-buddy/1.8.15/byte-buddy-1.8.15.jar:/home/lokesh/.m2/New1/org/apache/commons/commons-exec/1.3/commons-exec-1.3.jar:/home/lokesh/.m2/New1/com/google/guava/guava/25.0-jre/guava-25.0-jre.jar:/home/lokesh/.m2/New1/com/google/code/findbugs/jsr305/1.3.9/jsr305-1.3.9.jar:/home/lokesh/.m2/New1/org/checkerframework/checker-compat-qual/2.0.0/checker-compat-qual-2.0.0.jar:/home/lokesh/.m2/New1/com/google/errorprone/error_prone_annotations/2.1.3/error_prone_annotations-2.1.3.jar:/home/lokesh/.m2/New1/com/google/j2objc/j2objc-annotations/1.1/j2objc-annotations-1.1.jar:/home/lokesh/.m2/New1/org/codehaus/mojo/animal-sniffer-annotations/1.14/animal-sniffer-annotations-1.14.jar:/home/lokesh/.m2/New1/com/squareup/okhttp3/okhttp/3.11.0/okhttp-3.11.0.jar:/home/lokesh/.m2/New1/com/squareup/okio/okio/1.14.0/okio-1.14.0.jar:/home/lokesh/.m2/New1/org/testng/testng/6.8/testng-6.8.jar:/home/lokesh/.m2/New1/junit/junit/4.10/junit-4.10.jar:/home/lokesh/.m2/New1/org/beanshell/bsh/2.0b4/bsh-2.0b4.jar:/home/lokesh/.m2/New1/com/beust/jcommander/1.27/jcommander-1.27.jar:/home/lokesh/.m2/New1/org/yaml/snakeyaml/1.6/snakeyaml-1.6.jar:/home/lokesh/.m2/New1/io/cucumber/cucumber-java/4.3.0/cucumber-java-4.3.0.jar:/home/lokesh/.m2/New1/io/cucumber/cucumber-core/4.3.0/cucumber-core-4.3.0.jar:/home/lokesh/.m2/New1/io/cucumber/cucumber-html/0.2.7/cucumber-html-0.2.7.jar:/home/lokesh/.m2/New1/io/cucumber/gherkin/5.1.0/gherkin-5.1.0.jar:/home/lokesh/.m2/New1/io/cucumber/tag-expressions/1.1.1/tag-expressions-1.1.1.jar:/home/lokesh/.m2/New1/io/cucumber/cucumber-expressions/6.2.2/cucumber-expressions-6.2.2.jar:/home/lokesh/.m2/New1/io/cucumber/datatable/1.1.12/datatable-1.1.12.jar:/home/lokesh/.m2/New1/io/cucumber/datatable-dependencies/1.1.12/datatable-dependencies-1.1.12.jar:/home/lokesh/.m2/New1/io/cucumber/cucumber-testng/4.3.0/cucumber-testng-4.3.0.jar:/home/lokesh/.m2/New1/commons-io/commons-io/2.6/commons-io-2.6.jar:/home/lokesh/.m2/New1/log4j/log4j/1.2.17/log4j-1.2.17.jar:/home/lokesh/.m2/New1/io/rest-assured/rest-assured/4.2.0/rest-assured-4.2.0.jar:/home/lokesh/.m2/New1/org/codehaus/groovy/groovy/2.5.8/groovy-2.5.8.jar:/home/lokesh/.m2/New1/org/codehaus/groovy/groovy-xml/2.5.8/groovy-xml-2.5.8.jar:/home/lokesh/.m2/New1/org/apache/httpcomponents/httpclient/4.5.3/httpclient-4.5.3.jar:/home/lokesh/.m2/New1/commons-logging/commons-logging/1.2/commons-logging-1.2.jar:/home/lokesh/.m2/New1/commons-codec/commons-codec/1.9/commons-codec-1.9.jar:/home/lokesh/.m2/New1/org/apache/httpcomponents/httpmime/4.5.3/httpmime-4.5.3.jar:/home/lokesh/.m2/New1/org/hamcrest/hamcrest/2.1/hamcrest-2.1.jar:/home/lokesh/.m2/New1/org/ccil/cowan/tagsoup/tagsoup/1.2.1/tagsoup-1.2.1.jar:/home/lokesh/.m2/New1/io/rest-assured/xml-path/4.2.0/xml-path-4.2.0.jar:/home/lokesh/.m2/New1/jakarta/xml/bind/jakarta.xml.bind-api/2.3.2/jakarta.xml.bind-api-2.3.2.jar:/home/lokesh/.m2/New1/jakarta/activation/jakarta.activation-api/1.2.1/jakarta.activation-api-1.2.1.jar:/home/lokesh/.m2/New1/com/sun/xml/bind/jaxb-osgi/2.3.0.1/jaxb-osgi-2.3.0.1.jar:/home/lokesh/.m2/New1/org/apache/sling/org.apache.sling.javax.activation/0.1.0/org.apache.sling.javax.activation-0.1.0.jar:/home/lokesh/.m2/New1/javax/activation/activation/1.1.1/activation-1.1.1.jar:/home/lokesh/.m2/New1/io/rest-assured/json-path/4.2.0/json-path-4.2.0.jar:/home/lokesh/.m2/New1/org/codehaus/groovy/groovy-json/2.5.8/groovy-json-2.5.8.jar:/home/lokesh/.m2/New1/io/rest-assured/json-schema-validator/4.2.0/json-schema-validator-4.2.0.jar:/home/lokesh/.m2/New1/com/github/java-json-tools/json-schema-validator/2.2.10/json-schema-validator-2.2.10.jar:/home/lokesh/.m2/New1/com/github/java-json-tools/json-schema-core/1.2.10/json-schema-core-1.2.10.jar:/home/lokesh/.m2/New1/com/github/java-json-tools/jackson-coreutils/1.9/jackson-coreutils-1.9.jar:/home/lokesh/.m2/New1/com/fasterxml/jackson/core/jackson-databind/2.2.3/jackson-databind-2.2.3.jar:/home/lokesh/.m2/New1/com/fasterxml/jackson/core/jackson-annotations/2.2.3/jackson-annotations-2.2.3.jar:/home/lokesh/.m2/New1/com/github/fge/msg-simple/1.1/msg-simple-1.1.jar:/home/lokesh/.m2/New1/com/github/fge/btf/1.2/btf-1.2.jar:/home/lokesh/.m2/New1/com/github/fge/uri-template/0.9/uri-template-0.9.jar:/home/lokesh/.m2/New1/org/mozilla/rhino/1.7.7.1/rhino-1.7.7.1.jar:/home/lokesh/.m2/New1/javax/mail/mailapi/1.4.3/mailapi-1.4.3.jar:/home/lokesh/.m2/New1/joda-time/joda-time/2.9.7/joda-time-2.9.7.jar:/home/lokesh/.m2/New1/com/googlecode/libphonenumber/libphonenumber/8.0.0/libphonenumber-8.0.0.jar:/home/lokesh/.m2/New1/net/sf/jopt-simple/jopt-simple/5.0.3/jopt-simple-5.0.3.jar:/home/lokesh/.m2/New1/io/rest-assured/rest-assured-common/4.2.0/rest-assured-common-4.2.0.jar:/home/lokesh/.m2/New1/org/apache/commons/commons-lang3/3.4/commons-lang3-3.4.jar:/home/lokesh/.m2/New1/com/jayway/restassured/rest-assured/2.9.0/rest-assured-2.9.0.jar:/home/lokesh/.m2/New1/org/hamcrest/hamcrest-core/1.3/hamcrest-core-1.3.jar:/home/lokesh/.m2/New1/org/hamcrest/hamcrest-library/1.3/hamcrest-library-1.3.jar:/home/lokesh/.m2/New1/com/jayway/restassured/json-path/2.9.0/json-path-2.9.0.jar:/home/lokesh/.m2/New1/com/jayway/restassured/rest-assured-common/2.9.0/rest-assured-common-2.9.0.jar:/home/lokesh/.m2/New1/com/jayway/restassured/xml-path/2.9.0/xml-path-2.9.0.jar:/home/lokesh/.m2/New1/org/json/json/20210307/json-20210307.jar:/home/lokesh/.m2/New1/org/hamcrest/hamcrest-all/1.3/hamcrest-all-1.3.jar:/home/lokesh/.m2/New1/com/google/api-client/google-api-client/1.31.4/google-api-client-1.31.4.jar:/home/lokesh/.m2/New1/com/google/oauth-client/google-oauth-client/1.31.5/google-oauth-client-1.31.5.jar:/home/lokesh/.m2/New1/com/google/http-client/google-http-client-gson/1.39.2/google-http-client-gson-1.39.2.jar:/home/lokesh/.m2/New1/com/google/code/gson/gson/2.8.6/gson-2.8.6.jar:/home/lokesh/.m2/New1/com/google/http-client/google-http-client-apache-v2/1.39.2/google-http-client-apache-v2-1.39.2.jar:/home/lokesh/.m2/New1/org/apache/httpcomponents/httpcore/4.4.14/httpcore-4.4.14.jar:/home/lokesh/.m2/New1/com/google/http-client/google-http-client/1.39.2/google-http-client-1.39.2.jar:/home/lokesh/.m2/New1/io/opencensus/opencensus-api/0.28.0/opencensus-api-0.28.0.jar:/home/lokesh/.m2/New1/io/grpc/grpc-context/1.27.2/grpc-context-1.27.2.jar:/home/lokesh/.m2/New1/io/opencensus/opencensus-contrib-http-util/0.28.0/opencensus-contrib-http-util-0.28.0.jar:/home/lokesh/.m2/New1/com/google/oauth-client/google-oauth-client-jetty/1.31.5/google-oauth-client-jetty-1.31.5.jar:/home/lokesh/.m2/New1/com/google/oauth-client/google-oauth-client-java6/1.31.5/google-oauth-client-java6-1.31.5.jar:/home/lokesh/.m2/New1/com/google/apis/google-api-services-gmail/v1-rev110-1.25.0/google-api-services-gmail-v1-rev110-1.25.0.jar:/home/lokesh/.m2/New1/javax/mail/javax.mail-api/1.6.2/javax.mail-api-1.6.2.jar:/home/lokesh/.m2/New1/org/jsoup/jsoup/1.13.1/jsoup-1.13.1.jar:/home/lokesh/.m2/New1/com/google/api-client/google-api-client-jackson2/1.20.0/google-api-client-jackson2-1.20.0.jar:/home/lokesh/.m2/New1/com/google/http-client/google-http-client-jackson2/1.20.0/google-http-client-jackson2-1.20.0.jar:/home/lokesh/.m2/New1/com/fasterxml/jackson/core/jackson-core/2.1.3/jackson-core-2.1.3.jar:/home/lokesh/.m2/New1/com/google/api/client/google-api-client-util/1.2.3-alpha/google-api-client-util-1.2.3-alpha.jar:/home/lokesh/.m2/New1/com/jayway/jsonpath/json-path/2.5.0/json-path-2.5.0.jar:/home/lokesh/.m2/New1/net/minidev/json-smart/2.3/json-smart-2.3.jar:/home/lokesh/.m2/New1/net/minidev/accessors-smart/1.2/accessors-smart-1.2.jar:/home/lokesh/.m2/New1/org/ow2/asm/asm/5.0.4/asm-5.0.4.jar:/home/lokesh/.m2/New1/org/slf4j/slf4j-api/1.7.30/slf4j-api-1.7.30.jar:"/>
    <property name="sun.cpu.endian" value="little"/>
    <property name="user.home" value="/home/lokesh"/>
    <property name="user.language" value="en"/>
    <property name="java.specification.vendor" value="Oracle Corporation"/>
    <property name="java.home" value="/usr/lib/jvm/jdk1.8.0_231/jre"/>
    <property name="basedir" value="/home/lokesh/Videos/Lokesh_Kumar_AssignmentBottomLine"/>
    <property name="file.separator" value="/"/>
    <property name="line.separator" value="&#10;"/>
    <property name="java.vm.specification.vendor" value="Oracle Corporation"/>
    <property name="java.specification.name" value="Java Platform API Specification"/>
    <property name="java.awt.graphicsenv" value="sun.awt.X11GraphicsEnvironment"/>
    <property name="sun.boot.class.path" value="/usr/lib/jvm/jdk1.8.0_231/jre/lib/resources.jar:/usr/lib/jvm/jdk1.8.0_231/jre/lib/rt.jar:/usr/lib/jvm/jdk1.8.0_231/jre/lib/sunrsasign.jar:/usr/lib/jvm/jdk1.8.0_231/jre/lib/jsse.jar:/usr/lib/jvm/jdk1.8.0_231/jre/lib/jce.jar:/usr/lib/jvm/jdk1.8.0_231/jre/lib/charsets.jar:/usr/lib/jvm/jdk1.8.0_231/jre/lib/jfr.jar:/usr/lib/jvm/jdk1.8.0_231/jre/classes"/>
    <property name="sun.management.compiler" value="HotSpot 64-Bit Tiered Compilers"/>
    <property name="java.runtime.version" value="1.8.0_231-b11"/>
    <property name="user.name" value="lokesh"/>
    <property name="path.separator" value=":"/>
    <property name="os.version" value="5.8.0-48-generic"/>
    <property name="java.endorsed.dirs" value="/usr/lib/jvm/jdk1.8.0_231/jre/lib/endorsed"/>
    <property name="java.runtime.name" value="Java(TM) SE Runtime Environment"/>
    <property name="file.encoding" value="UTF-8"/>
    <property name="java.vm.name" value="Java HotSpot(TM) 64-Bit Server VM"/>
    <property name="localRepository" value="/home/lokesh/.m2/New1"/>
    <property name="java.vendor.url.bug" value="http://bugreport.sun.com/bugreport/"/>
    <property name="java.io.tmpdir" value="/tmp"/>
    <property name="java.version" value="1.8.0_231"/>
    <property name="user.dir" value="/home/lokesh/Videos/Lokesh_Kumar_AssignmentBottomLine"/>
    <property name="os.arch" value="amd64"/>
    <property name="java.vm.specification.name" value="Java Virtual Machine Specification"/>
    <property name="java.awt.printerjob" value="sun.print.PSPrinterJob"/>
    <property name="sun.os.patch.level" value="unknown"/>
    <property name="java.library.path" value="/usr/java/packages/lib/amd64:/usr/lib64:/lib64:/lib:/usr/lib"/>
    <property name="idea.version2019.3.2" value="true"/>
    <property name="java.vm.info" value="mixed mode"/>
    <property name="java.vendor" value="Oracle Corporation"/>
    <property name="java.vm.version" value="25.231-b11"/>
    <property name="java.ext.dirs" value="/usr/lib/jvm/jdk1.8.0_231/jre/lib/ext:/usr/java/packages/lib/ext"/>
    <property name="sun.io.unicode.encoding" value="UnicodeLittle"/>
    <property name="maven.repo.local" value="/home/lokesh/.m2/New1"/>
    <property name="java.class.version" value="52.0"/>
  </properties>
  <testcase name="scenario" classname="runner.TestRunner" time="12.947">
    <failure message="Oauth 2.0 not stoping browser automation expected [Couldn&apos;t sign you in] but found [sign in]" type="java.lang.AssertionError">java.lang.AssertionError: Oauth 2.0 not stoping browser automation expected [Couldn't sign you in] but found [sign in]
</failure>
    <system-out><![CDATA[This will run before the scenario
0 [main] INFO pages.ComposeMailPage  - Home Page Loaded
400 [main] INFO pages.ComposeMailPage  - Entered Email or Phone
This will run after the scenario
]]></system-out>
    <system-err><![CDATA[Starting ChromeDriver 89.0.4389.23 (61b08ee2c50024bab004e48d2b1b083cdbdac579-refs/branch-heads/4389@{#294}) on port 25382
Only local connections are allowed.
Please see https://chromedriver.chromium.org/security-considerations for suggestions on keeping ChromeDriver safe.
ChromeDriver was started successfully.
[1618312029.288][WARNING]: Deprecated chrome option is ignored: useAutomationExtension
[1618312029.288][WARNING]: Deprecated chrome option is ignored: useAutomationExtension
Apr 13, 2021 4:37:10 PM org.openqa.selenium.remote.ProtocolHandshake createSession
INFO: Detected dialect: W3C
]]></system-err>
  </testcase>
  <testcase name="scenario" classname="runner.TestRunner" time="4.09"/>
</testsuite>